0 info it worked if it ends with ok
1 verbose cli [ '/home/iadmin/chroots/portecosys/server/modules/nodejs/node-v6.0.0-linux-x64/bin/node',
1 verbose cli   '/home/iadmin/chroots/portecosys/server/modules/npm/default-npm-v3.8.6/cli.js',
1 verbose cli   '-legacy-bundling',
1 verbose cli   'run',
1 verbose cli   'gulp' ]
2 info using npm@3.8.6
3 info using node@v6.0.0
4 verbose run-script [ 'pregulp', 'gulp', 'postgulp' ]
5 info lifecycle tiger-gns@0.1.0~pregulp: tiger-gns@0.1.0
6 silly lifecycle tiger-gns@0.1.0~pregulp: no script for pregulp, continuing
7 info lifecycle tiger-gns@0.1.0~gulp: tiger-gns@0.1.0
8 verbose lifecycle tiger-gns@0.1.0~gulp: unsafe-perm in lifecycle true
9 verbose lifecycle tiger-gns@0.1.0~gulp: PATH: /home/iadmin/chroots/portecosys/server/modules/npm/default-npm-v3.8.6/bin/node-gyp-bin:/home/iadmin/chroots/portecosys/server/projects/tests_other/documentation/node_modules/.bin:/home/iadmin/chroots/portecosys/server/modules/nodejs/node-v6.0.0-linux-x64/bin:/usr/local/sbin:/usr/local/bin:/usr/sbin:/usr/bin:/sbin:/bin:/usr/games:/usr/local/games
10 verbose lifecycle tiger-gns@0.1.0~gulp: CWD: /home/iadmin/chroots/portecosys/server/projects/tests_other/documentation
11 silly lifecycle tiger-gns@0.1.0~gulp: Args: [ '-c', 'node ./node_modules/gulp/bin/gulp' ]
12 silly lifecycle tiger-gns@0.1.0~gulp: Returned: code: 1  signal: null
13 info lifecycle tiger-gns@0.1.0~gulp: Failed to exec gulp script
14 verbose stack Error: tiger-gns@0.1.0 gulp: `node ./node_modules/gulp/bin/gulp`
14 verbose stack Exit status 1
14 verbose stack     at EventEmitter.<anonymous> (/home/iadmin/chroots/portecosys/server/modules/npm/default-npm-v3.8.6/lib/utils/lifecycle.js:239:16)
14 verbose stack     at emitTwo (events.js:106:13)
14 verbose stack     at EventEmitter.emit (events.js:191:7)
14 verbose stack     at ChildProcess.<anonymous> (/home/iadmin/chroots/portecosys/server/modules/npm/default-npm-v3.8.6/lib/utils/spawn.js:24:14)
14 verbose stack     at emitTwo (events.js:106:13)
14 verbose stack     at ChildProcess.emit (events.js:191:7)
14 verbose stack     at maybeClose (internal/child_process.js:850:16)
14 verbose stack     at Process.ChildProcess._handle.onexit (internal/child_process.js:215:5)
15 verbose pkgid tiger-gns@0.1.0
16 verbose cwd /home/iadmin/chroots/portecosys/server/projects/tests_other/documentation
17 error Linux 4.6.0-040600rc2-generic
18 error argv "/home/iadmin/chroots/portecosys/server/modules/nodejs/node-v6.0.0-linux-x64/bin/node" "/home/iadmin/chroots/portecosys/server/modules/npm/default-npm-v3.8.6/cli.js" "-legacy-bundling" "run" "gulp"
19 error node v6.0.0
20 error npm  v3.8.6
21 error code ELIFECYCLE
22 error tiger-gns@0.1.0 gulp: `node ./node_modules/gulp/bin/gulp`
22 error Exit status 1
23 error Failed at the tiger-gns@0.1.0 gulp script 'node ./node_modules/gulp/bin/gulp'.
23 error Make sure you have the latest version of node.js and npm installed.
23 error If you do, this is most likely a problem with the tiger-gns package,
23 error not with npm itself.
23 error Tell the author that this fails on your system:
23 error     node ./node_modules/gulp/bin/gulp
23 error You can get information on how to open an issue for this project with:
23 error     npm bugs tiger-gns
23 error Or if that isn't available, you can get their info via:
23 error     npm owner ls tiger-gns
23 error There is likely additional logging output above.
24 verbose exit [ 1, true ]
